    Checking chacha20 v0.9.1
    Checking spki v0.7.3
    Checking chacha20poly1305 v0.10.1
    Checking pkcs8 v0.10.2
    Checking http-body v0.4.6
    Checking http-body v1.0.1
    Checking tungstenite v0.28.0
    Checking ml-dsa v0.0.4
    Checking http-body-util v0.1.3
    Checking aes-gcm v0.10.3
    Checking kyber-pke v0.5.0
    Checking idna_adapter v1.2.1
    Checking idna v1.0.3
    Checking url v2.5.4
    Checking attohttpc v0.16.3
    Checking rustls-platform-verifier v0.5.3
    Checking quinn-proto v0.11.12
    Checking tokio-util v0.7.15
    Checking tokio-stream v0.1.17
    Checking hyper v1.6.0
    Checking tower v0.5.2
    Checking webrtc-util v0.8.1
    Checking tokio-rustls v0.26.2
    Checking tokio-tungstenite v0.28.0
    Checking tower-http v0.6.6
    Checking citadel_io v0.14.0 (/work/citadel_io)
    Checking h2 v0.3.27
    Checking stun v0.5.1
    Checking hyper-util v0.1.16
    Checking citadel_pqcrypto v0.14.0 (/work/citadel_pqcrypto)
    Checking netbeam v0.14.0 (/work/netbeam)
    Checking reqwest v0.12.22
    Checking async_ip v0.14.0 (/work/async_ip)
    Checking citadel_crypt v0.14.0 (/work/citadel_crypt)
    Checking hyper v0.14.32
    Checking citadel_user v0.14.0 (/work/citadel_user)
    Checking igd v0.12.1
    Checking citadel_wire v0.14.0 (/work/citadel_wire)
    Checking citadel_proto v0.14.0 (/work/citadel_proto)
    Finished `dev` profile [unoptimized + debuginfo] target(s) in 22.40s
