    Updating git repository `https://github.com/second-state/socket2.git`
    Updating git repository `https://github.com/second-state/wasi_tokio.git`
    Finished `test` profile [unoptimized + debuginfo] target(s) in 0.10s
────────────
 Nextest run ID 19e2b9ee-09e8-4605-aee4-9d0f97f01986 with nextest profile: default
    Starting 8 tests across 16 binaries (71 tests skipped)
        SKIP [         ] (───) citadel_sdk builder::node_builder::tests::bad_config2
        SKIP [         ] (───) citadel_sdk builder::node_builder::tests::test_options::underlying_protocol_1_ServerMode__P2P_NativeP2PConfig__self_signed___::node_type_1_NodeType__Peer::kernel_settings_1_KernelExecutorSettings__default__::backend_type_1_BackendType__InMemory
        SKIP [         ] (───) citadel_sdk builder::node_builder::tests::test_options::underlying_protocol_1_ServerMode__P2P_NativeP2PConfig__self_signed___::node_type_1_NodeType__Peer::kernel_settings_1_KernelExecutorSettings__default__::backend_type_2_BackendType__new___file__hello_world_path_____unwrap__
        SKIP [         ] (───) citadel_sdk builder::node_builder::tests::test_options::underlying_protocol_1_ServerMode__P2P_NativeP2PConfig__self_signed___::node_type_1_NodeType__Peer::kernel_settings_2_KernelExecutorSettings__default___with_max_concurrency_2_::backend_type_1_BackendType__InMemory
        SKIP [         ] (───) citadel_sdk builder::node_builder::tests::test_options::underlying_protocol_1_ServerMode__P2P_NativeP2PConfig__self_signed___::node_type_1_NodeType__Peer::kernel_settings_2_KernelExecutorSettings__default___with_max_concurrency_2_::backend_type_2_BackendType__new___file__hello_world_path_____unwrap__
        SKIP [         ] (───) citadel_sdk builder::node_builder::tests::test_options::underlying_protocol_1_ServerMode__P2P_NativeP2PConfig__self_signed___::node_type_2_NodeType__Server_std__net__SocketAddr__from_str___127_0_0_1_9999::kernel_settings_1_KernelExecutorSettings__default__::backend_type_1_BackendType__InMemory
        SKIP [         ] (───) citadel_sdk builder::node_builder::tests::test_options::underlying_protocol_1_ServerMode__P2P_NativeP2PConfig__self_signed___::node_type_2_NodeType__Server_std__net__SocketAddr__from_str___127_0_0_1_9999::kernel_settings_1_KernelExecutorSettings__default__::backend_type_2_BackendType__new___file__hello_world_path_____unwrap__
        SKIP [         ] (───) citadel_sdk builder::node_builder::tests::test_options::underlying_protocol_1_ServerMode__P2P_NativeP2PConfig__self_signed___::node_type_2_NodeType__Server_std__net__SocketAddr__from_str___127_0_0_1_9999::kernel_settings_2_KernelExecutorSettings__default___with_max_concurrency_2_::backend_type_1_BackendType__InMemory
        SKIP [         ] (───) citadel_sdk builder::node_builder::tests::test_options::underlying_protocol_1_ServerMode__P2P_NativeP2PConfig__self_signed___::node_type_2_NodeType__Server_std__net__SocketAddr__from_str___127_0_0_1_9999::kernel_settings_2_KernelExecutorSettings__default___with_max_concurrency_2_::backend_type_2_BackendType__new___file__hello_world_path_____unwrap__
        SKIP [         ] (───) citadel_sdk builder::node_builder::tests::test_options::underlying_protocol_2_ServerMode__OrderedReliableSecure_NativeSecureConfig__self_signe::node_type_1_NodeType__Peer::kernel_settings_1_KernelExecutorSettings__default__::backend_type_1_BackendType__InMemory
        SKIP [         ] (───) citadel_sdk builder::node_builder::tests::test_options::underlying_protocol_2_ServerMode__OrderedReliableSecure_NativeSecureConfig__self_signe::node_type_1_NodeType__Peer::kernel_settings_1_KernelExecutorSettings__default__::backend_type_2_BackendType__new___file__hello_world_path_____unwrap__
        SKIP [         ] (───) citadel_sdk builder::node_builder::tests::test_options::underlying_protocol_2_ServerMode__OrderedReliableSecure_NativeSecureConfig__self_signe::node_type_1_NodeType__Peer::kernel_settings_2_KernelExecutorSettings__default___with_max_concurrency_2_::backend_type_1_BackendType__InMemory
        SKIP [         ] (───) citadel_sdk builder::node_builder::tests::test_options::underlying_protocol_2_ServerMode__OrderedReliableSecure_NativeSecureConfig__self_signe::node_type_1_NodeType__Peer::kernel_settings_2_KernelExecutorSettings__default___with_max_concurrency_2_::backend_type_2_BackendType__new___file__hello_world_path_____unwrap__
        SKIP [         ] (───) citadel_sdk builder::node_builder::tests::test_options::underlying_protocol_2_ServerMode__OrderedReliableSecure_NativeSecureConfig__self_signe::node_type_2_NodeType__Server_std__net__SocketAddr__from_str___127_0_0_1_9999::kernel_settings_1_KernelExecutorSettings__default__::backend_type_1_BackendType__InMemory
        SKIP [         ] (───) citadel_sdk builder::node_builder::tests::test_options::underlying_protocol_2_ServerMode__OrderedReliableSecure_NativeSecureConfig__self_signe::node_type_2_NodeType__Server_std__net__SocketAddr__from_str___127_0_0_1_9999::kernel_settings_1_KernelExecutorSettings__default__::backend_type_2_BackendType__new___file__hello_world_path_____unwrap__
        SKIP [         ] (───) citadel_sdk builder::node_builder::tests::test_options::underlying_protocol_2_ServerMode__OrderedReliableSecure_NativeSecureConfig__self_signe::node_type_2_NodeType__Server_std__net__SocketAddr__from_str___127_0_0_1_9999::kernel_settings_2_KernelExecutorSettings__default___with_max_concurrency_2_::backend_type_1_BackendType__InMemory
        SKIP [         ] (───) citadel_sdk builder::node_builder::tests::test_options::underlying_protocol_2_ServerMode__OrderedReliableSecure_NativeSecureConfig__self_signe::node_type_2_NodeType__Server_std__net__SocketAddr__from_str___127_0_0_1_9999::kernel_settings_2_KernelExecutorSettings__default___with_max_concurrency_2_::backend_type_2_BackendType__new___file__hello_world_path_____unwrap__
        SKIP [         ] (───) citadel_sdk fs::tests::test_c2s_file_transfer_revfs::case_1::security_level_1_SecurityLevel__Standard
        SKIP [         ] (───) citadel_sdk fs::tests::test_c2s_file_transfer_revfs::case_1::security_level_2_SecurityLevel__Reinforced
        SKIP [         ] (───) citadel_sdk fs::tests::test_c2s_file_transfer_revfs::case_2::security_level_1_SecurityLevel__Standard
        SKIP [         ] (───) citadel_sdk fs::tests::test_c2s_file_transfer_revfs::case_2::security_level_2_SecurityLevel__Reinforced
        SKIP [         ] (───) citadel_sdk fs::tests::test_c2s_file_transfer_revfs_delete::case_1::security_level_1_SecurityLevel__Standard
        SKIP [         ] (───) citadel_sdk fs::tests::test_c2s_file_transfer_revfs_take::case_1::security_level_1_SecurityLevel__Standard
        SKIP [         ] (───) citadel_sdk fs::tests::test_p2p_file_transfer_revfs::case_1::kem_1_KemAlgorithm__MlKem::enx_1_EncryptionAlgorithm__AES_GCM_256
        SKIP [         ] (───) citadel_sdk prefabs::client::broadcast::tests::group_connect_list_members
        SKIP [         ] (───) citadel_sdk prefabs::client::broadcast::tests::test_manual_group_connect::case_1
        SKIP [         ] (───) citadel_sdk prefabs::client::peer_connection::tests::peer_to_peer_connect::case_1
        SKIP [         ] (───) citadel_sdk prefabs::client::peer_connection::tests::peer_to_peer_connect::case_2
        SKIP [         ] (───) citadel_sdk prefabs::client::peer_connection::tests::peer_to_peer_connect_transient::case_1
        SKIP [         ] (───) citadel_sdk prefabs::client::peer_connection::tests::peer_to_peer_connect_transient::case_2
        SKIP [         ] (───) citadel_sdk prefabs::client::peer_connection::tests::peer_to_peer_connect_transient::case_3
        SKIP [         ] (───) citadel_sdk prefabs::client::peer_connection::tests::peer_to_peer_connect_transient::case_4
        SKIP [         ] (───) citadel_sdk prefabs::client::peer_connection::tests::test_p2p_wrong_session_password::case_1::kem_1_KemAlgorithm__MlKem::enx_1_EncryptionAlgorithm__AES_GCM_256
        SKIP [         ] (───) citadel_sdk prefabs::client::peer_connection::tests::test_peer_to_peer_disconnect::case_1
        SKIP [         ] (───) citadel_sdk prefabs::client::peer_connection::tests::test_peer_to_peer_file_transfer::case_1
        SKIP [         ] (───) citadel_sdk prefabs::client::peer_connection::tests::test_peer_to_peer_file_transfer::case_2
        SKIP [         ] (───) citadel_sdk prefabs::client::peer_connection::tests::test_peer_to_peer_rekey::case_1
        SKIP [         ] (───) citadel_sdk prefabs::client::single_connection::tests::test_backend_store_c2s
        SKIP [         ] (───) citadel_sdk prefabs::client::single_connection::tests::test_rekey_c2s
        SKIP [         ] (───) citadel_sdk prefabs::client::single_connection::tests::test_single_connection_registered::udp_mode_1_UdpMode__Enabled::underlying_protocol_1_ServerMode__P2P_NativeP2PConfig__self_signed___
        SKIP [         ] (───) citadel_sdk prefabs::client::single_connection::tests::test_single_connection_registered::udp_mode_1_UdpMode__Enabled::underlying_protocol_2_ServerMode__OrderedReliableSecure_NativeSecureConfig__self_signe
        SKIP [         ] (───) citadel_sdk prefabs::client::single_connection::tests::test_single_connection_registered::udp_mode_2_UdpMode__Disabled::underlying_protocol_1_ServerMode__P2P_NativeP2PConfig__self_signed___
        SKIP [         ] (───) citadel_sdk prefabs::client::single_connection::tests::test_single_connection_registered::udp_mode_2_UdpMode__Disabled::underlying_protocol_2_ServerMode__OrderedReliableSecure_NativeSecureConfig__self_signe
        SKIP [         ] (───) citadel_sdk prefabs::client::single_connection::tests::test_single_connection_transient::case_1
        SKIP [         ] (───) citadel_sdk prefabs::client::single_connection::tests::test_single_connection_transient::case_2
        SKIP [         ] (───) citadel_sdk prefabs::client::single_connection::tests::test_single_connection_transient::case_3
        SKIP [         ] (───) citadel_sdk prefabs::client::single_connection::tests::test_single_connection_transient::case_4
        SKIP [         ] (───) citadel_sdk prefabs::client::single_connection::tests::test_single_connection_transient_deregister::case_1
        SKIP [         ] (───) citadel_sdk prefabs::client::single_connection::tests::test_single_connection_transient_wrong_password::case_1
        SKIP [         ] (───) citadel_sdk prefabs::server::internal_service::test::test_internal_service_basic_bytes
        SKIP [         ] (───) citadel_sdk prefabs::server::internal_service::test::test_internal_service_http
        SKIP [         ] (───) citadel_sdk remote_ext::tests::test_c2s_file_transfer::case_1
        SKIP [         ] (───) citadel_sdk remote_ext::tests::test_c2s_file_transfer::case_2
        SKIP [         ] (───) citadel_sdk::reconnection_both_c2s tests::test_p2p_then_both_c2s_disconnect
        SKIP [         ] (───) citadel_sdk::reconnection_c2s tests::test_c2s_reconnection
        SKIP [         ] (───) citadel_sdk::reconnection_one_c2s tests::test_p2p_then_one_c2s_disconnect
        SKIP [         ] (───) citadel_sdk::reconnection_p2p_one_c2s tests::test_p2p_after_one_c2s_disconnect
        SKIP [         ] (───) citadel_sdk::reconnection_p2p_only tests::test_p2p_only_disconnect
        SKIP [         ] (───) citadel_sdk::rekey_messaging_test tests::test_rekey_then_messaging
        SKIP [         ] (───) citadel_sdk::reserve_write_test tests::test_channel_into_sink_round_trip
        SKIP [         ] (───) citadel_sdk::reserve_write_test tests::test_reserve_write_round_trip
        SKIP [         ] (───) citadel_sdk::stress_reconnect_c2s tests::test_stress_c2s_reconnect
        SKIP [         ] (───) citadel_sdk::stress_reconnect_p2p tests::test_stress_p2p_reconnect
        PASS [   6.023s] (1/8) citadel_sdk::stress_tests tests::stress_test_c2s_messaging::case_1::kem_1_KemAlgorithm__MlKem::enx_1_EncryptionAlgorithm__AES_GCM_256
        PASS [   5.670s] (2/8) citadel_sdk::stress_tests tests::stress_test_c2s_messaging::case_1::kem_1_KemAlgorithm__MlKem::enx_2_EncryptionAlgorithm__ChaCha20Poly_1305
        PASS [   4.860s] (3/8) citadel_sdk::stress_tests tests::stress_test_c2s_messaging::case_1::kem_1_KemAlgorithm__MlKem::enx_3_EncryptionAlgorithm__Ascon80pq
        PASS [   0.554s] (4/8) citadel_sdk::stress_tests tests::stress_test_c2s_messaging::case_2::kem_1_KemAlgorithm__MlKem::enx_1_EncryptionAlgorithm__AES_GCM_256
        PASS [   0.475s] (5/8) citadel_sdk::stress_tests tests::stress_test_c2s_messaging::case_2::kem_1_KemAlgorithm__MlKem::enx_2_EncryptionAlgorithm__ChaCha20Poly_1305
        PASS [   0.330s] (6/8) citadel_sdk::stress_tests tests::stress_test_c2s_messaging::case_2::kem_1_KemAlgorithm__MlKem::enx_3_EncryptionAlgorithm__Ascon80pq
        PASS [  48.126s] (7/8) citadel_sdk::stress_tests tests::stress_test_c2s_messaging_kyber::case_1::kem_1_KemAlgorithm__MlKem::enx_1_EncryptionAlgorithm__MlKemHybrid
        SKIP [         ] (───) citadel_sdk::stress_tests tests::stress_test_group_broadcast::case_1
        SKIP [         ] (───) citadel_sdk::stress_tests tests::stress_test_p2p_messaging::case_1::kem_1_KemAlgorithm__MlKem::enx_1_EncryptionAlgorithm__AES_GCM_256
        SKIP [         ] (───) citadel_sdk::stress_tests tests::stress_test_p2p_messaging::case_1::kem_1_KemAlgorithm__MlKem::enx_2_EncryptionAlgorithm__ChaCha20Poly_1305
        SKIP [         ] (───) citadel_sdk::stress_tests tests::stress_test_p2p_messaging::case_1::kem_1_KemAlgorithm__MlKem::enx_3_EncryptionAlgorithm__Ascon80pq
        SKIP [         ] (───) citadel_sdk::stress_tests tests::stress_test_p2p_messaging::case_2::kem_1_KemAlgorithm__MlKem::enx_1_EncryptionAlgorithm__AES_GCM_256
        SKIP [         ] (───) citadel_sdk::stress_tests tests::stress_test_p2p_messaging::case_2::kem_1_KemAlgorithm__MlKem::enx_2_EncryptionAlgorithm__ChaCha20Poly_1305
        SKIP [         ] (───) citadel_sdk::stress_tests tests::stress_test_p2p_messaging::case_2::kem_1_KemAlgorithm__MlKem::enx_3_EncryptionAlgorithm__Ascon80pq
        SKIP [         ] (───) citadel_sdk::stress_tests tests::stress_test_p2p_messaging_thin_ratchet
        PASS [   9.566s] (8/8) citadel_sdk::stress_tests tests::stress_test_c2s_messaging_kyber::case_2::kem_1_KemAlgorithm__MlKem::enx_1_EncryptionAlgorithm__MlKemHybrid
────────────
     Summary [  75.606s] 8 tests run: 8 passed, 71 skipped
        PASS [   6.023s] (1/8) citadel_sdk::stress_tests tests::stress_test_c2s_messaging::case_1::kem_1_KemAlgorithm__MlKem::enx_1_EncryptionAlgorithm__AES_GCM_256
        PASS [   5.670s] (2/8) citadel_sdk::stress_tests tests::stress_test_c2s_messaging::case_1::kem_1_KemAlgorithm__MlKem::enx_2_EncryptionAlgorithm__ChaCha20Poly_1305
        PASS [   4.860s] (3/8) citadel_sdk::stress_tests tests::stress_test_c2s_messaging::case_1::kem_1_KemAlgorithm__MlKem::enx_3_EncryptionAlgorithm__Ascon80pq
        PASS [   0.554s] (4/8) citadel_sdk::stress_tests tests::stress_test_c2s_messaging::case_2::kem_1_KemAlgorithm__MlKem::enx_1_EncryptionAlgorithm__AES_GCM_256
        PASS [   0.475s] (5/8) citadel_sdk::stress_tests tests::stress_test_c2s_messaging::case_2::kem_1_KemAlgorithm__MlKem::enx_2_EncryptionAlgorithm__ChaCha20Poly_1305
        PASS [   0.330s] (6/8) citadel_sdk::stress_tests tests::stress_test_c2s_messaging::case_2::kem_1_KemAlgorithm__MlKem::enx_3_EncryptionAlgorithm__Ascon80pq
        PASS [  48.126s] (7/8) citadel_sdk::stress_tests tests::stress_test_c2s_messaging_kyber::case_1::kem_1_KemAlgorithm__MlKem::enx_1_EncryptionAlgorithm__MlKemHybrid
        PASS [   9.566s] (8/8) citadel_sdk::stress_tests tests::stress_test_c2s_messaging_kyber::case_2::kem_1_KemAlgorithm__MlKem::enx_1_EncryptionAlgorithm__MlKemHybrid
        SKIP [         ] (───) citadel_sdk builder::node_builder::tests::bad_config2
        SKIP [         ] (───) citadel_sdk builder::node_builder::tests::test_options::underlying_protocol_1_ServerMode__P2P_NativeP2PConfig__self_signed___::node_type_1_NodeType__Peer::kernel_settings_1_KernelExecutorSettings__default__::backend_type_1_BackendType__InMemory
        SKIP [         ] (───) citadel_sdk builder::node_builder::tests::test_options::underlying_protocol_1_ServerMode__P2P_NativeP2PConfig__self_signed___::node_type_1_NodeType__Peer::kernel_settings_1_KernelExecutorSettings__default__::backend_type_2_BackendType__new___file__hello_world_path_____unwrap__
        SKIP [         ] (───) citadel_sdk builder::node_builder::tests::test_options::underlying_protocol_1_ServerMode__P2P_NativeP2PConfig__self_signed___::node_type_1_NodeType__Peer::kernel_settings_2_KernelExecutorSettings__default___with_max_concurrency_2_::backend_type_1_BackendType__InMemory
        SKIP [         ] (───) citadel_sdk builder::node_builder::tests::test_options::underlying_protocol_1_ServerMode__P2P_NativeP2PConfig__self_signed___::node_type_1_NodeType__Peer::kernel_settings_2_KernelExecutorSettings__default___with_max_concurrency_2_::backend_type_2_BackendType__new___file__hello_world_path_____unwrap__
        SKIP [         ] (───) citadel_sdk builder::node_builder::tests::test_options::underlying_protocol_1_ServerMode__P2P_NativeP2PConfig__self_signed___::node_type_2_NodeType__Server_std__net__SocketAddr__from_str___127_0_0_1_9999::kernel_settings_1_KernelExecutorSettings__default__::backend_type_1_BackendType__InMemory
        SKIP [         ] (───) citadel_sdk builder::node_builder::tests::test_options::underlying_protocol_1_ServerMode__P2P_NativeP2PConfig__self_signed___::node_type_2_NodeType__Server_std__net__SocketAddr__from_str___127_0_0_1_9999::kernel_settings_1_KernelExecutorSettings__default__::backend_type_2_BackendType__new___file__hello_world_path_____unwrap__
        SKIP [         ] (───) citadel_sdk builder::node_builder::tests::test_options::underlying_protocol_1_ServerMode__P2P_NativeP2PConfig__self_signed___::node_type_2_NodeType__Server_std__net__SocketAddr__from_str___127_0_0_1_9999::kernel_settings_2_KernelExecutorSettings__default___with_max_concurrency_2_::backend_type_1_BackendType__InMemory
        SKIP [         ] (───) citadel_sdk builder::node_builder::tests::test_options::underlying_protocol_1_ServerMode__P2P_NativeP2PConfig__self_signed___::node_type_2_NodeType__Server_std__net__SocketAddr__from_str___127_0_0_1_9999::kernel_settings_2_KernelExecutorSettings__default___with_max_concurrency_2_::backend_type_2_BackendType__new___file__hello_world_path_____unwrap__
        SKIP [         ] (───) citadel_sdk builder::node_builder::tests::test_options::underlying_protocol_2_ServerMode__OrderedReliableSecure_NativeSecureConfig__self_signe::node_type_1_NodeType__Peer::kernel_settings_1_KernelExecutorSettings__default__::backend_type_1_BackendType__InMemory
        SKIP [         ] (───) citadel_sdk builder::node_builder::tests::test_options::underlying_protocol_2_ServerMode__OrderedReliableSecure_NativeSecureConfig__self_signe::node_type_1_NodeType__Peer::kernel_settings_1_KernelExecutorSettings__default__::backend_type_2_BackendType__new___file__hello_world_path_____unwrap__
        SKIP [         ] (───) citadel_sdk builder::node_builder::tests::test_options::underlying_protocol_2_ServerMode__OrderedReliableSecure_NativeSecureConfig__self_signe::node_type_1_NodeType__Peer::kernel_settings_2_KernelExecutorSettings__default___with_max_concurrency_2_::backend_type_1_BackendType__InMemory
        SKIP [         ] (───) citadel_sdk builder::node_builder::tests::test_options::underlying_protocol_2_ServerMode__OrderedReliableSecure_NativeSecureConfig__self_signe::node_type_1_NodeType__Peer::kernel_settings_2_KernelExecutorSettings__default___with_max_concurrency_2_::backend_type_2_BackendType__new___file__hello_world_path_____unwrap__
        SKIP [         ] (───) citadel_sdk builder::node_builder::tests::test_options::underlying_protocol_2_ServerMode__OrderedReliableSecure_NativeSecureConfig__self_signe::node_type_2_NodeType__Server_std__net__SocketAddr__from_str___127_0_0_1_9999::kernel_settings_1_KernelExecutorSettings__default__::backend_type_1_BackendType__InMemory
        SKIP [         ] (───) citadel_sdk builder::node_builder::tests::test_options::underlying_protocol_2_ServerMode__OrderedReliableSecure_NativeSecureConfig__self_signe::node_type_2_NodeType__Server_std__net__SocketAddr__from_str___127_0_0_1_9999::kernel_settings_1_KernelExecutorSettings__default__::backend_type_2_BackendType__new___file__hello_world_path_____unwrap__
        SKIP [         ] (───) citadel_sdk builder::node_builder::tests::test_options::underlying_protocol_2_ServerMode__OrderedReliableSecure_NativeSecureConfig__self_signe::node_type_2_NodeType__Server_std__net__SocketAddr__from_str___127_0_0_1_9999::kernel_settings_2_KernelExecutorSettings__default___with_max_concurrency_2_::backend_type_1_BackendType__InMemory
        SKIP [         ] (───) citadel_sdk builder::node_builder::tests::test_options::underlying_protocol_2_ServerMode__OrderedReliableSecure_NativeSecureConfig__self_signe::node_type_2_NodeType__Server_std__net__SocketAddr__from_str___127_0_0_1_9999::kernel_settings_2_KernelExecutorSettings__default___with_max_concurrency_2_::backend_type_2_BackendType__new___file__hello_world_path_____unwrap__
        SKIP [         ] (───) citadel_sdk fs::tests::test_c2s_file_transfer_revfs::case_1::security_level_1_SecurityLevel__Standard
        SKIP [         ] (───) citadel_sdk fs::tests::test_c2s_file_transfer_revfs::case_1::security_level_2_SecurityLevel__Reinforced
        SKIP [         ] (───) citadel_sdk fs::tests::test_c2s_file_transfer_revfs::case_2::security_level_1_SecurityLevel__Standard
        SKIP [         ] (───) citadel_sdk fs::tests::test_c2s_file_transfer_revfs::case_2::security_level_2_SecurityLevel__Reinforced
        SKIP [         ] (───) citadel_sdk fs::tests::test_c2s_file_transfer_revfs_delete::case_1::security_level_1_SecurityLevel__Standard
        SKIP [         ] (───) citadel_sdk fs::tests::test_c2s_file_transfer_revfs_take::case_1::security_level_1_SecurityLevel__Standard
        SKIP [         ] (───) citadel_sdk fs::tests::test_p2p_file_transfer_revfs::case_1::kem_1_KemAlgorithm__MlKem::enx_1_EncryptionAlgorithm__AES_GCM_256
        SKIP [         ] (───) citadel_sdk prefabs::client::broadcast::tests::group_connect_list_members
        SKIP [         ] (───) citadel_sdk prefabs::client::broadcast::tests::test_manual_group_connect::case_1
        SKIP [         ] (───) citadel_sdk prefabs::client::peer_connection::tests::peer_to_peer_connect::case_1
        SKIP [         ] (───) citadel_sdk prefabs::client::peer_connection::tests::peer_to_peer_connect::case_2
        SKIP [         ] (───) citadel_sdk prefabs::client::peer_connection::tests::peer_to_peer_connect_transient::case_1
        SKIP [         ] (───) citadel_sdk prefabs::client::peer_connection::tests::peer_to_peer_connect_transient::case_2
        SKIP [         ] (───) citadel_sdk prefabs::client::peer_connection::tests::peer_to_peer_connect_transient::case_3
        SKIP [         ] (───) citadel_sdk prefabs::client::peer_connection::tests::peer_to_peer_connect_transient::case_4
        SKIP [         ] (───) citadel_sdk prefabs::client::peer_connection::tests::test_p2p_wrong_session_password::case_1::kem_1_KemAlgorithm__MlKem::enx_1_EncryptionAlgorithm__AES_GCM_256
        SKIP [         ] (───) citadel_sdk prefabs::client::peer_connection::tests::test_peer_to_peer_disconnect::case_1
        SKIP [         ] (───) citadel_sdk prefabs::client::peer_connection::tests::test_peer_to_peer_file_transfer::case_1
        SKIP [         ] (───) citadel_sdk prefabs::client::peer_connection::tests::test_peer_to_peer_file_transfer::case_2
        SKIP [         ] (───) citadel_sdk prefabs::client::peer_connection::tests::test_peer_to_peer_rekey::case_1
        SKIP [         ] (───) citadel_sdk prefabs::client::single_connection::tests::test_backend_store_c2s
        SKIP [         ] (───) citadel_sdk prefabs::client::single_connection::tests::test_rekey_c2s
        SKIP [         ] (───) citadel_sdk prefabs::client::single_connection::tests::test_single_connection_registered::udp_mode_1_UdpMode__Enabled::underlying_protocol_1_ServerMode__P2P_NativeP2PConfig__self_signed___
        SKIP [         ] (───) citadel_sdk prefabs::client::single_connection::tests::test_single_connection_registered::udp_mode_1_UdpMode__Enabled::underlying_protocol_2_ServerMode__OrderedReliableSecure_NativeSecureConfig__self_signe
        SKIP [         ] (───) citadel_sdk prefabs::client::single_connection::tests::test_single_connection_registered::udp_mode_2_UdpMode__Disabled::underlying_protocol_1_ServerMode__P2P_NativeP2PConfig__self_signed___
        SKIP [         ] (───) citadel_sdk prefabs::client::single_connection::tests::test_single_connection_registered::udp_mode_2_UdpMode__Disabled::underlying_protocol_2_ServerMode__OrderedReliableSecure_NativeSecureConfig__self_signe
        SKIP [         ] (───) citadel_sdk prefabs::client::single_connection::tests::test_single_connection_transient::case_1
        SKIP [         ] (───) citadel_sdk prefabs::client::single_connection::tests::test_single_connection_transient::case_2
        SKIP [         ] (───) citadel_sdk prefabs::client::single_connection::tests::test_single_connection_transient::case_3
        SKIP [         ] (───) citadel_sdk prefabs::client::single_connection::tests::test_single_connection_transient::case_4
        SKIP [         ] (───) citadel_sdk prefabs::client::single_connection::tests::test_single_connection_transient_deregister::case_1
        SKIP [         ] (───) citadel_sdk prefabs::client::single_connection::tests::test_single_connection_transient_wrong_password::case_1
        SKIP [         ] (───) citadel_sdk prefabs::server::internal_service::test::test_internal_service_basic_bytes
        SKIP [         ] (───) citadel_sdk prefabs::server::internal_service::test::test_internal_service_http
        SKIP [         ] (───) citadel_sdk remote_ext::tests::test_c2s_file_transfer::case_1
        SKIP [         ] (───) citadel_sdk remote_ext::tests::test_c2s_file_transfer::case_2
        SKIP [         ] (───) citadel_sdk::reconnection_both_c2s tests::test_p2p_then_both_c2s_disconnect
        SKIP [         ] (───) citadel_sdk::reconnection_c2s tests::test_c2s_reconnection
        SKIP [         ] (───) citadel_sdk::reconnection_one_c2s tests::test_p2p_then_one_c2s_disconnect
        SKIP [         ] (───) citadel_sdk::reconnection_p2p_one_c2s tests::test_p2p_after_one_c2s_disconnect
        SKIP [         ] (───) citadel_sdk::reconnection_p2p_only tests::test_p2p_only_disconnect
        SKIP [         ] (───) citadel_sdk::rekey_messaging_test tests::test_rekey_then_messaging
        SKIP [         ] (───) citadel_sdk::reserve_write_test tests::test_channel_into_sink_round_trip
        SKIP [         ] (───) citadel_sdk::reserve_write_test tests::test_reserve_write_round_trip
        SKIP [         ] (───) citadel_sdk::stress_reconnect_c2s tests::test_stress_c2s_reconnect
        SKIP [         ] (───) citadel_sdk::stress_reconnect_p2p tests::test_stress_p2p_reconnect
        SKIP [         ] (───) citadel_sdk::stress_tests tests::stress_test_group_broadcast::case_1
        SKIP [         ] (───) citadel_sdk::stress_tests tests::stress_test_p2p_messaging::case_1::kem_1_KemAlgorithm__MlKem::enx_1_EncryptionAlgorithm__AES_GCM_256
        SKIP [         ] (───) citadel_sdk::stress_tests tests::stress_test_p2p_messaging::case_1::kem_1_KemAlgorithm__MlKem::enx_2_EncryptionAlgorithm__ChaCha20Poly_1305
        SKIP [         ] (───) citadel_sdk::stress_tests tests::stress_test_p2p_messaging::case_1::kem_1_KemAlgorithm__MlKem::enx_3_EncryptionAlgorithm__Ascon80pq
        SKIP [         ] (───) citadel_sdk::stress_tests tests::stress_test_p2p_messaging::case_2::kem_1_KemAlgorithm__MlKem::enx_1_EncryptionAlgorithm__AES_GCM_256
        SKIP [         ] (───) citadel_sdk::stress_tests tests::stress_test_p2p_messaging::case_2::kem_1_KemAlgorithm__MlKem::enx_2_EncryptionAlgorithm__ChaCha20Poly_1305
        SKIP [         ] (───) citadel_sdk::stress_tests tests::stress_test_p2p_messaging::case_2::kem_1_KemAlgorithm__MlKem::enx_3_EncryptionAlgorithm__Ascon80pq
        SKIP [         ] (───) citadel_sdk::stress_tests tests::stress_test_p2p_messaging_thin_ratchet
NEXTEST_EXIT=0
